<?xml version="1.0" encoding="UTF-8"?>
<!-- Generated by org.testng.reporters.JUnitReportReporter -->
<testsuite hostname="Mayanks-MacBook-Pro.local" failures="0" tests="1" name="starAgile.WebDriver.Assignment.StudentRegistration" time="13.646" errors="0" timestamp="2024-09-24T19:04:08 IST" skipped="0">
  <testcase classname="starAgile.WebDriver.Assignment.StudentRegistration" name="testDemo1" time="13.646"/>
</testsuite> <!-- starAgile.WebDriver.Assignment.StudentRegistration -->
