<?xml version="1.0" encoding="UTF-8"?>
<!-- Generated by org.testng.reporters.JUnitReportReporter -->
<testsuite hostname="Mayanks-MacBook-Pro.local" failures="0" tests="1" name="starAgile.WebDriver.Assignment.TakeScreenshot" time="23.368" errors="0" timestamp="2024-09-24T19:52:57 IST" skipped="0">
  <testcase classname="starAgile.WebDriver.Assignment.TakeScreenshot" name="testScreenshot" time="23.368"/>
</testsuite> <!-- starAgile.WebDriver.Assignment.TakeScreenshot -->
