<?xml version="1.0" encoding="UTF-8"?>
<!-- Generated by org.testng.reporters.JUnitReportReporter -->
<testsuite hostname="Mayanks-MacBook-Pro.local" failures="0" tests="1" name="starAgile.WebDriver.Assignment.RegistrationFormDemo" time="21.480" errors="0" timestamp="2024-09-24T17:11:16 IST" skipped="0">
  <testcase classname="starAgile.WebDriver.Assignment.RegistrationFormDemo" name="testForm" time="21.480"/>
</testsuite> <!-- starAgile.WebDriver.Assignment.RegistrationFormDemo -->
