<?xml version="1.0" encoding="UTF-8"?>
<!-- Generated by org.testng.reporters.JUnitReportReporter -->
<testsuite hostname="Mayanks-MacBook-Pro.local" failures="0" tests="2" name="starAgile.WebDriver.Assignment.PageObjectModelUsingWebDriver" time="4.576" errors="0" timestamp="2024-09-24T15:59:00 IST" skipped="0">
  <testcase classname="starAgile.WebDriver.Assignment.PageObjectModelUsingWebDriver" name="validateSigninLink" time="2.108"/>
  <testcase classname="starAgile.WebDriver.Assignment.PageObjectModelUsingWebDriver" name="validateLogin" time="2.468"/>
</testsuite> <!-- starAgile.WebDriver.Assignment.PageObjectModelUsingWebDriver -->
